<?xml version="1.0" encoding="UTF-8"?>
<!-- Generated by org.testng.reporters.JUnitReportReporter -->
<testsuite hostname="LAPTOP-FCKU4NQ6" failures="0" tests="1" name="testng.ExecutionPageModel" time="7.808" errors="0" timestamp="2022-06-28T13:00:15 IST" skipped="0">
  <testcase classname="testng.ExecutionPageModel" name="runningTest" time="7.808"/>
  <system-out/>
</testsuite> <!-- testng.ExecutionPageModel -->
