<?xml version="1.0" encoding="UTF-8"?>
<!-- Generated by org.testng.reporters.JUnitReportReporter -->
<testsuite hostname="LAPTOP-FCKU4NQ6" failures="0" tests="1" name="testng.Tables" time="7.971" errors="0" timestamp="2022-06-22T19:20:48 IST" skipped="0">
  <testcase classname="testng.Tables" name="click" time="7.971"/>
  <system-out/>
</testsuite> <!-- testng.Tables -->
